<?xml version="1.0" encoding="UTF-8" ?>
<testsuite tests="10" failures="0" name="org.junit.studentTest" time="0.01" errors="0" skipped="0">
  <properties>
[...]
</properties>
  <testcase classname="org.junit.studentTest" name="highGood" time="0.008"/>
  <testcase classname="org.junit.studentTest" name="highAverage" time="0"/>
  <testcase classname="org.junit.studentTest" name="belowZero" time="0"/>
  <testcase classname="org.junit.studentTest" name="lowGood" time="0"/>
  <testcase classname="org.junit.studentTest" name="muchBelowZero" time="0"/>
  <testcase classname="org.junit.studentTest" name="lowVeryPoor" time="0.001"/>
  <testcase classname="org.junit.studentTest" name="highVeryGood" time="0"/>
  <testcase classname="org.junit.studentTest" name="highVeryPoor" time="0"/>
  <testcase classname="org.junit.studentTest" name="above100" time="0"/>
  <testcase classname="org.junit.studentTest" name="muchAbove100" time="0.001"/>
</testsuite>